*** Using Compiler 'V5.06 update 7 (build 960)', folder: 'E:\KEILE 5\ARM\ARMCC\Bin'
Rebuild target 'climb_car'
assembling startup_stm32f407xx.s...
compiling stm32f4xx_ll_adc.c...
compiling dma.c...
compiling adc.c...
compiling stm32f4xx_hal_adc.c...
compiling tim.c...
compiling gpio.c...
compiling stm32f4xx_hal.c...
compiling main.c...
../Core/Src/main.c(361): error:  #65: expected a ";"
  {
../Core/Src/main.c(383): warning:  #12-D: parsing restarts here after previous syntax error
      Error_Handler();
../Core/Src/main.c(388): error:  #77-D: this declaration has no storage class or type specifier
    RCC_ClkInitStruct.ClockType = RCC_CLOCKTYPE_HCLK|RCC_CLOCKTYPE_SYSCLK
../Core/Src/main.c(388): error:  #65: expected a ";"
    RCC_ClkInitStruct.ClockType = RCC_CLOCKTYPE_HCLK|RCC_CLOCKTYPE_SYSCLK
../Core/Src/main.c(390): error:  #77-D: this declaration has no storage class or type specifier
    RCC_ClkInitStruct.SYSCLKSource = RCC_SYSCLKSOURCE_PLLCLK;
../Core/Src/main.c(390): error:  #65: expected a ";"
    RCC_ClkInitStruct.SYSCLKSource = RCC_SYSCLKSOURCE_PLLCLK;
../Core/Src/main.c(391): error:  #77-D: this declaration has no storage class or type specifier
    RCC_ClkInitStruct.AHBCLKDivider = RCC_SYSCLK_DIV1;
../Core/Src/main.c(391): error:  #65: expected a ";"
    RCC_ClkInitStruct.AHBCLKDivider = RCC_SYSCLK_DIV1;
../Core/Src/main.c(392): error:  #77-D: this declaration has no storage class or type specifier
    RCC_ClkInitStruct.APB1CLKDivider = RCC_HCLK_DIV4;
../Core/Src/main.c(392): error:  #65: expected a ";"
    RCC_ClkInitStruct.APB1CLKDivider = RCC_HCLK_DIV4;
../Core/Src/main.c(393): error:  #77-D: this declaration has no storage class or type specifier
    RCC_ClkInitStruct.APB2CLKDivider = RCC_HCLK_DIV2;
../Core/Src/main.c(393): error:  #65: expected a ";"
    RCC_ClkInitStruct.APB2CLKDivider = RCC_HCLK_DIV2;
../Core/Src/main.c(395): error:  #169: expected a declaration
    if (HAL_RCC_ClockConfig(&RCC_ClkInitStruct, FLASH_LATENCY_5) != HAL_OK)
../Core/Src/main.c(424): warning:  #12-D: parsing restarts here after previous syntax error
      static const int table_23[] = {74, 69, 64, 58, 54, 51, 47, 45, 41, 39, 37};
../Core/Src/main.c(441): error:  #28: expression must have a constant value
      int idx = s - 10;
../Core/Src/main.c(442): error:  #77-D: this declaration has no storage class or type specifier
      idx = (idx < 0) ? 0 : ((idx > 10) ? 10 : idx);
../Core/Src/main.c(442): error:  #148: variable "idx"  has already been initialized
      idx = (idx < 0) ? 0 : ((idx > 10) ? 10 : idx);
../Core/Src/main.c(442): error:  #28: expression must have a constant value
      idx = (idx < 0) ? 0 : ((idx > 10) ? 10 : idx);
../Core/Src/main.c(442): error:  #28: expression must have a constant value
      idx = (idx < 0) ? 0 : ((idx > 10) ? 10 : idx);
../Core/Src/main.c(442): error:  #28: expression must have a constant value
      idx = (idx < 0) ? 0 : ((idx > 10) ? 10 : idx);
../Core/Src/main.c(445): error:  #169: expected a declaration
      switch(slope) {
../Core/Src/main.c(466): warning:  #12-D: parsing restarts here after previous syntax error
          case 24: targetspeed = table_24[idx]; break;
../Core/Src/main.c(466): error:  #169: expected a declaration
          case 24: targetspeed = table_24[idx]; break;
../Core/Src/main.c(467): error:  #169: expected a declaration
          case 25: targetspeed = table_25[idx]; break;
../Core/Src/main.c(467): error:  #169: expected a declaration
          case 25: targetspeed = table_25[idx]; break;
../Core/Src/main.c(468): error:  #169: expected a declaration
          case 26: targetspeed = table_26[idx]; break;
../Core/Src/main.c(468): error:  #169: expected a declaration
          case 26: targetspeed = table_26[idx]; break;
../Core/Src/main.c(469): error:  #169: expected a declaration
          case 27: targetspeed = table_27[idx]; break;
../Core/Src/main.c(469): error:  #169: expected a declaration
          case 27: targetspeed = table_27[idx]; break;
../Core/Src/main.c(470): error:  #169: expected a declaration
          case 28: targetspeed = table_28[idx]; break;
../Core/Src/main.c(470): error:  #169: expected a declaration
          case 28: targetspeed = table_28[idx]; break;
../Core/Src/main.c(471): error:  #169: expected a declaration
          case 29: targetspeed = table_29[idx]; break;
../Core/Src/main.c(471): error:  #169: expected a declaration
          case 29: targetspeed = table_29[idx]; break;
../Core/Src/main.c: 3 warnings, 30 errors
compiling stm32f4xx_it.c...
compiling stm32f4xx_hal_pwr.c...
compiling stm32f4xx_hal_i2c_ex.c...
compiling stm32f4xx_hal_dma_ex.c...
compiling stm32f4xx_hal_cortex.c...
compiling stm32f4xx_hal_rcc_ex.c...
compiling stm32f4xx_hal_rcc.c...
compiling stm32f4xx_hal_uart.c...
compiling stm32f4xx_hal_gpio.c...
compiling stm32f4xx_hal_flash.c...
compiling i2c.c...
compiling system_stm32f4xx.c...
compiling stm32f4xx_hal_msp.c...
compiling stm32f4xx_hal_flash_ramfunc.c...
compiling track.c...
compiling stm32f4xx_hal_adc_ex.c...
compiling stm32f4xx_hal_flash_ex.c...
compiling stm32f4xx_hal_exti.c...
compiling motor.c...
compiling stm32f4xx_hal_tim_ex.c...
compiling stm32f4xx_hal_dma.c...
compiling usart.c...
compiling stm32f4xx_hal_pwr_ex.c...
compiling stm32f4xx_hal_i2c.c...
compiling stm32f4xx_hal_tim.c...
compiling rocker.c...
compiling uprint.c...
compiling oled.c...
"climb_car\climb_car.axf" - 30 Error(s), 3 Warning(s).
Target not created.
Build Time Elapsed:  00:00:08
